e:\c++\opp\rihards_irbe_alternativais_eksamens\build\rihards_irbe_alternativais_eksamens.pch
e:\c++\opp\rihards_irbe_alternativais_eksamens\build\vc145.pdb
e:\c++\opp\rihards_irbe_alternativais_eksamens\build\vc145.idb
e:\c++\opp\rihards_irbe_alternativais_eksamens\build\pch.obj
e:\c++\opp\rihards_irbe_alternativais_eksamens\build\rihards_irbe_alternativais_eksamens.obj
e:\c++\opp\rihards_irbe_alternativais_eksamens\build\player.obj
e:\c++\opp\rihards_irbe_alternativais_eksamens\build\goalkeeper.obj
e:\c++\opp\rihards_irbe_alternativais_eksamens\build\defender.obj
e:\c++\opp\rihards_irbe_alternativais_eksamens\build\attacker.obj
e:\c++\opp\rihards_irbe_alternativais_eksamens\x64\debug\rihards_irbe_alternativais_eksamens.dll
e:\c++\opp\rihards_irbe_alternativais_eksamens\x64\debug\rihards_irbe_alternativais_eksamens.pdb
e:\c++\opp\rihards_irbe_alternativais_eksamens\build\rihards_irbe_alternativais_eksamens.res
e:\c++\opp\rihards_irbe_alternativais_eksamens\x64\debug\rihards_irbe_alternativais_eksamens.lib
e:\c++\opp\rihards_irbe_alternativais_eksamens\x64\debug\rihards_irbe_alternativais_eksamens.exp
e:\c++\opp\rihards_irbe_alternativais_eksamens\build\rihards_irbe_alternativais_eksamens.ilk
e:\c++\opp\rihards_irbe_alternativais_eksamens\build\rihards_irbe_alternativais_eksamens.vcxproj.filelistabsolute.txt
e:\c++\opp\rihards_irbe_alternativais_eksamens\build\rihards_.fa149b59.tlog\cl.command.1.tlog
e:\c++\opp\rihards_irbe_alternativais_eksamens\build\rihards_.fa149b59.tlog\cl.items.tlog
e:\c++\opp\rihards_irbe_alternativais_eksamens\build\rihards_.fa149b59.tlog\cl.read.1.tlog
e:\c++\opp\rihards_irbe_alternativais_eksamens\build\rihards_.fa149b59.tlog\cl.write.1.tlog
e:\c++\opp\rihards_irbe_alternativais_eksamens\build\rihards_.fa149b59.tlog\link.command.1.tlog
e:\c++\opp\rihards_irbe_alternativais_eksamens\build\rihards_.fa149b59.tlog\link.read.1.tlog
e:\c++\opp\rihards_irbe_alternativais_eksamens\build\rihards_.fa149b59.tlog\link.secondary.1.tlog
e:\c++\opp\rihards_irbe_alternativais_eksamens\build\rihards_.fa149b59.tlog\link.write.1.tlog
e:\c++\opp\rihards_irbe_alternativais_eksamens\build\rihards_.fa149b59.tlog\rc.command.1.tlog
e:\c++\opp\rihards_irbe_alternativais_eksamens\build\rihards_.fa149b59.tlog\rc.read.1.tlog
e:\c++\opp\rihards_irbe_alternativais_eksamens\build\rihards_.fa149b59.tlog\rc.write.1.tlog
